This is pdfTeX, Version 3.14159265-2.6-1.40.21 (MiKTeX 2.9.7420 64-bit) (preloaded format=pdflatex 2020.6.22)  30 JUN 2020 21:22
entering extended mode
**"./examen prereesidencia.tex"
("examen prereesidencia.tex"
LaTeX2e <2020-02-02> patch level 5
L3 programming layer <2020-05-11>
("C:\Users\MELEJ\AppData\Local\Programs\MiKTeX 2.9\tex/latex/beamer\beamer.cls"
Document Class: beamer 2020/05/06 v3.58 A class for typesetting presentations

("C:\Users\MELEJ\AppData\Local\Programs\MiKTeX 2.9\tex/latex/beamer\beamerbasem
odes.sty"
("C:\Users\MELEJ\AppData\Local\Programs\MiKTeX 2.9\tex/latex/etoolbox\etoolbox.
sty"
Package: etoolbox 2019/09/21 v2.5h e-TeX tools for LaTeX (JAW)
\etb@tempcnta=\count167
)
\beamer@tempbox=\box45
\beamer@tempcount=\count168
\c@beamerpauses=\count169

("C:\Users\MELEJ\AppData\Local\Programs\MiKTeX 2.9\tex/latex/beamer\beamerbased
ecode.sty"
\beamer@slideinframe=\count170
\beamer@minimum=\count171
\beamer@decode@box=\box46
)
\beamer@commentbox=\box47
\beamer@modecount=\count172
)
("C:\Users\MELEJ\AppData\Local\Programs\MiKTeX 2.9\tex/generic/iftex\ifpdf.sty"
Package: ifpdf 2019/10/25 v3.4 ifpdf legacy package. Use iftex instead.
("C:\Users\MELEJ\AppData\Local\Programs\MiKTeX 2.9\tex/generic/iftex\iftex.sty"
Package: iftex 2020/03/06 v1.0d TeX engine tests
))
\headdp=\dimen134
\footheight=\dimen135
\sidebarheight=\dimen136
\beamer@tempdim=\dimen137
\beamer@finalheight=\dimen138
\beamer@animht=\dimen139
\beamer@animdp=\dimen140
\beamer@animwd=\dimen141
\beamer@leftmargin=\dimen142
\beamer@rightmargin=\dimen143
\beamer@leftsidebar=\dimen144
\beamer@rightsidebar=\dimen145
\beamer@boxsize=\dimen146
\beamer@vboxoffset=\dimen147
\beamer@descdefault=\dimen148
\beamer@descriptionwidth=\dimen149
\beamer@lastskip=\skip47
\beamer@areabox=\box48
\beamer@animcurrent=\box49
\beamer@animshowbox=\box50
\beamer@sectionbox=\box51
\beamer@logobox=\box52
\beamer@linebox=\box53
\beamer@sectioncount=\count173
\beamer@subsubsectionmax=\count174
\beamer@subsectionmax=\count175
\beamer@sectionmax=\count176
\beamer@totalheads=\count177
\beamer@headcounter=\count178
\beamer@partstartpage=\count179
\beamer@sectionstartpage=\count180
\beamer@subsectionstartpage=\count181
\beamer@animationtempa=\count182
\beamer@animationtempb=\count183
\beamer@xpos=\count184
\beamer@ypos=\count185
\beamer@ypos@offset=\count186
\beamer@showpartnumber=\count187
\beamer@currentsubsection=\count188
\beamer@coveringdepth=\count189
\beamer@sectionadjust=\count190
\beamer@tocsectionnumber=\count191

("C:\Users\MELEJ\AppData\Local\Programs\MiKTeX 2.9\tex/latex/beamer\beamerbaseo
ptions.sty"
("C:\Users\MELEJ\AppData\Local\Programs\MiKTeX 2.9\tex/latex/graphics\keyval.st
y"
Package: keyval 2014/10/28 v1.15 key=value parser (DPC)
\KV@toks@=\toks15
))
\beamer@paperwidth=\skip48
\beamer@paperheight=\skip49

("C:\Users\MELEJ\AppData\Local\Programs\MiKTeX 2.9\tex/latex/geometry\geometry.
sty"
Package: geometry 2020/01/02 v5.9 Page Geometry

("C:\Users\MELEJ\AppData\Local\Programs\MiKTeX 2.9\tex/generic/iftex\ifvtex.sty
"
Package: ifvtex 2019/10/25 v1.7 ifvtex legacy package. Use iftex instead.
)
\Gm@cnth=\count192
\Gm@cntv=\count193
\c@Gm@tempcnt=\count194
\Gm@bindingoffset=\dimen150
\Gm@wd@mp=\dimen151
\Gm@odd@mp=\dimen152
\Gm@even@mp=\dimen153
\Gm@layoutwidth=\dimen154
\Gm@layoutheight=\dimen155
\Gm@layouthoffset=\dimen156
\Gm@layoutvoffset=\dimen157
\Gm@dimlist=\toks16

("C:\Users\MELEJ\AppData\Local\Programs\MiKTeX 2.9\tex/latex/geometry\geometry.
cfg"))
("C:\Users\MELEJ\AppData\Local\Programs\MiKTeX 2.9\tex/latex/base\size11.clo"
File: size11.clo 2019/12/20 v1.4l Standard LaTeX file (size option)
)
("C:\Users\MELEJ\AppData\Local\Programs\MiKTeX 2.9\tex/latex/pgf/basiclayer\pgf
core.sty"
("C:\Users\MELEJ\AppData\Local\Programs\MiKTeX 2.9\tex/latex/graphics\graphicx.
sty"
Package: graphicx 2019/11/30 v1.2a Enhanced LaTeX Graphics (DPC,SPQR)

("C:\Users\MELEJ\AppData\Local\Programs\MiKTeX 2.9\tex/latex/graphics\graphics.
sty"
Package: graphics 2019/11/30 v1.4a Standard LaTeX Graphics (DPC,SPQR)

("C:\Users\MELEJ\AppData\Local\Programs\MiKTeX 2.9\tex/latex/graphics\trig.sty"
Package: trig 2016/01/03 v1.10 sin cos tan (DPC)
)
("C:\Users\MELEJ\AppData\Local\Programs\MiKTeX 2.9\tex/latex/graphics-cfg\graph
ics.cfg"
File: graphics.cfg 2016/06/04 v1.11 sample graphics configuration
)
Package graphics Info: Driver file: pdftex.def on input line 105.

("C:\Users\MELEJ\AppData\Local\Programs\MiKTeX 2.9\tex/latex/graphics-def\pdfte
x.def"
File: pdftex.def 2018/01/08 v1.0l Graphics/color driver for pdftex
))
\Gin@req@height=\dimen158
\Gin@req@width=\dimen159
)
("C:\Users\MELEJ\AppData\Local\Programs\MiKTeX 2.9\tex/latex/pgf/systemlayer\pg
fsys.sty"
("C:\Users\MELEJ\AppData\Local\Programs\MiKTeX 2.9\tex/latex/pgf/utilities\pgfr
cs.sty"
("C:\Users\MELEJ\AppData\Local\Programs\MiKTeX 2.9\tex/generic/pgf/utilities\pg
futil-common.tex"
\pgfutil@everybye=\toks17
\pgfutil@tempdima=\dimen160
\pgfutil@tempdimb=\dimen161

("C:\Users\MELEJ\AppData\Local\Programs\MiKTeX 2.9\tex/generic/pgf/utilities\pg
futil-common-lists.tex"))
("C:\Users\MELEJ\AppData\Local\Programs\MiKTeX 2.9\tex/generic/pgf/utilities\pg
futil-latex.def"
\pgfutil@abb=\box54

("C:\Users\MELEJ\AppData\Local\Programs\MiKTeX 2.9\tex/latex/ms\everyshi.sty"
Package: everyshi 2001/05/15 v3.00 EveryShipout Package (MS)
))
("C:\Users\MELEJ\AppData\Local\Programs\MiKTeX 2.9\tex/generic/pgf/utilities\pg
frcs.code.tex"
("C:\Users\MELEJ\AppData\Local\Programs\MiKTeX 2.9\tex/generic/pgf\pgf.revision
.tex")
Package: pgfrcs 2020/01/08 v3.1.5b (3.1.5b)
))
("C:\Users\MELEJ\AppData\Local\Programs\MiKTeX 2.9\tex/generic/pgf/systemlayer\
pgfsys.code.tex"
Package: pgfsys 2020/01/08 v3.1.5b (3.1.5b)

("C:\Users\MELEJ\AppData\Local\Programs\MiKTeX 2.9\tex/generic/pgf/utilities\pg
fkeys.code.tex"
\pgfkeys@pathtoks=\toks18
\pgfkeys@temptoks=\toks19

("C:\Users\MELEJ\AppData\Local\Programs\MiKTeX 2.9\tex/generic/pgf/utilities\pg
fkeysfiltered.code.tex"
\pgfkeys@tmptoks=\toks20
))
\pgf@x=\dimen162
\pgf@y=\dimen163
\pgf@xa=\dimen164
\pgf@ya=\dimen165
\pgf@xb=\dimen166
\pgf@yb=\dimen167
\pgf@xc=\dimen168
\pgf@yc=\dimen169
\pgf@xd=\dimen170
\pgf@yd=\dimen171
\w@pgf@writea=\write3
\r@pgf@reada=\read2
\c@pgf@counta=\count195
\c@pgf@countb=\count196
\c@pgf@countc=\count197
\c@pgf@countd=\count198
\t@pgf@toka=\toks21
\t@pgf@tokb=\toks22
\t@pgf@tokc=\toks23
\pgf@sys@id@count=\count199

("C:\Users\MELEJ\AppData\Local\Programs\MiKTeX 2.9\tex/generic/pgf/systemlayer\
pgf.cfg"
File: pgf.cfg 2020/01/08 v3.1.5b (3.1.5b)
)
Driver file for pgf: pgfsys-pdftex.def

("C:\Users\MELEJ\AppData\Local\Programs\MiKTeX 2.9\tex/generic/pgf/systemlayer\
pgfsys-pdftex.def"
File: pgfsys-pdftex.def 2020/01/08 v3.1.5b (3.1.5b)

("C:\Users\MELEJ\AppData\Local\Programs\MiKTeX 2.9\tex/generic/pgf/systemlayer\
pgfsys-common-pdf.def"
File: pgfsys-common-pdf.def 2020/01/08 v3.1.5b (3.1.5b)
)))
("C:\Users\MELEJ\AppData\Local\Programs\MiKTeX 2.9\tex/generic/pgf/systemlayer\
pgfsyssoftpath.code.tex"
File: pgfsyssoftpath.code.tex 2020/01/08 v3.1.5b (3.1.5b)
\pgfsyssoftpath@smallbuffer@items=\count266
\pgfsyssoftpath@bigbuffer@items=\count267
)
("C:\Users\MELEJ\AppData\Local\Programs\MiKTeX 2.9\tex/generic/pgf/systemlayer\
pgfsysprotocol.code.tex"
File: pgfsysprotocol.code.tex 2020/01/08 v3.1.5b (3.1.5b)
))
("C:\Users\MELEJ\AppData\Local\Programs\MiKTeX 2.9\tex/latex/xcolor\xcolor.sty"
Package: xcolor 2016/05/11 v2.12 LaTeX color extensions (UK)

("C:\Users\MELEJ\AppData\Local\Programs\MiKTeX 2.9\tex/latex/graphics-cfg\color
.cfg"
File: color.cfg 2016/01/02 v1.6 sample color configuration
)
Package xcolor Info: Driver file: pdftex.def on input line 225.
Package xcolor Info: Model `cmy' substituted by `cmy0' on input line 1348.
Package xcolor Info: Model `hsb' substituted by `rgb' on input line 1352.
Package xcolor Info: Model `RGB' extended on input line 1364.
Package xcolor Info: Model `HTML' substituted by `rgb' on input line 1366.
Package xcolor Info: Model `Hsb' substituted by `hsb' on input line 1367.
Package xcolor Info: Model `tHsb' substituted by `hsb' on input line 1368.
Package xcolor Info: Model `HSB' substituted by `hsb' on input line 1369.
Package xcolor Info: Model `Gray' substituted by `gray' on input line 1370.
Package xcolor Info: Model `wave' substituted by `hsb' on input line 1371.
)
("C:\Users\MELEJ\AppData\Local\Programs\MiKTeX 2.9\tex/generic/pgf/basiclayer\p
gfcore.code.tex"
Package: pgfcore 2020/01/08 v3.1.5b (3.1.5b)

("C:\Users\MELEJ\AppData\Local\Programs\MiKTeX 2.9\tex/generic/pgf/math\pgfmath
.code.tex"
("C:\Users\MELEJ\AppData\Local\Programs\MiKTeX 2.9\tex/generic/pgf/math\pgfmath
calc.code.tex"
("C:\Users\MELEJ\AppData\Local\Programs\MiKTeX 2.9\tex/generic/pgf/math\pgfmath
util.code.tex")
("C:\Users\MELEJ\AppData\Local\Programs\MiKTeX 2.9\tex/generic/pgf/math\pgfmath
parser.code.tex"
\pgfmath@dimen=\dimen172
\pgfmath@count=\count268
\pgfmath@box=\box55
\pgfmath@toks=\toks24
\pgfmath@stack@operand=\toks25
\pgfmath@stack@operation=\toks26
)
("C:\Users\MELEJ\AppData\Local\Programs\MiKTeX 2.9\tex/generic/pgf/math\pgfmath
functions.code.tex"
("C:\Users\MELEJ\AppData\Local\Programs\MiKTeX 2.9\tex/generic/pgf/math\pgfmath
functions.basic.code.tex")
("C:\Users\MELEJ\AppData\Local\Programs\MiKTeX 2.9\tex/generic/pgf/math\pgfmath
functions.trigonometric.code.tex")
("C:\Users\MELEJ\AppData\Local\Programs\MiKTeX 2.9\tex/generic/pgf/math\pgfmath
functions.random.code.tex")
("C:\Users\MELEJ\AppData\Local\Programs\MiKTeX 2.9\tex/generic/pgf/math\pgfmath
functions.comparison.code.tex")
("C:\Users\MELEJ\AppData\Local\Programs\MiKTeX 2.9\tex/generic/pgf/math\pgfmath
functions.base.code.tex")
("C:\Users\MELEJ\AppData\Local\Programs\MiKTeX 2.9\tex/generic/pgf/math\pgfmath
functions.round.code.tex")
("C:\Users\MELEJ\AppData\Local\Programs\MiKTeX 2.9\tex/generic/pgf/math\pgfmath
functions.misc.code.tex")
("C:\Users\MELEJ\AppData\Local\Programs\MiKTeX 2.9\tex/generic/pgf/math\pgfmath
functions.integerarithmetics.code.tex")))
("C:\Users\MELEJ\AppData\Local\Programs\MiKTeX 2.9\tex/generic/pgf/math\pgfmath
float.code.tex"
\c@pgfmathroundto@lastzeros=\count269
))
("C:\Users\MELEJ\AppData\Local\Programs\MiKTeX 2.9\tex/generic/pgf/math\pgfint.
code.tex")
("C:\Users\MELEJ\AppData\Local\Programs\MiKTeX 2.9\tex/generic/pgf/basiclayer\p
gfcorepoints.code.tex"
File: pgfcorepoints.code.tex 2020/01/08 v3.1.5b (3.1.5b)
\pgf@picminx=\dimen173
\pgf@picmaxx=\dimen174
\pgf@picminy=\dimen175
\pgf@picmaxy=\dimen176
\pgf@pathminx=\dimen177
\pgf@pathmaxx=\dimen178
\pgf@pathminy=\dimen179
\pgf@pathmaxy=\dimen180
\pgf@xx=\dimen181
\pgf@xy=\dimen182
\pgf@yx=\dimen183
\pgf@yy=\dimen184
\pgf@zx=\dimen185
\pgf@zy=\dimen186
)
("C:\Users\MELEJ\AppData\Local\Programs\MiKTeX 2.9\tex/generic/pgf/basiclayer\p
gfcorepathconstruct.code.tex"
File: pgfcorepathconstruct.code.tex 2020/01/08 v3.1.5b (3.1.5b)
\pgf@path@lastx=\dimen187
\pgf@path@lasty=\dimen188
)
("C:\Users\MELEJ\AppData\Local\Programs\MiKTeX 2.9\tex/generic/pgf/basiclayer\p
gfcorepathusage.code.tex"
File: pgfcorepathusage.code.tex 2020/01/08 v3.1.5b (3.1.5b)
\pgf@shorten@end@additional=\dimen189
\pgf@shorten@start@additional=\dimen190
)
("C:\Users\MELEJ\AppData\Local\Programs\MiKTeX 2.9\tex/generic/pgf/basiclayer\p
gfcorescopes.code.tex"
File: pgfcorescopes.code.tex 2020/01/08 v3.1.5b (3.1.5b)
\pgfpic=\box56
\pgf@hbox=\box57
\pgf@layerbox@main=\box58
\pgf@picture@serial@count=\count270
)
("C:\Users\MELEJ\AppData\Local\Programs\MiKTeX 2.9\tex/generic/pgf/basiclayer\p
gfcoregraphicstate.code.tex"
File: pgfcoregraphicstate.code.tex 2020/01/08 v3.1.5b (3.1.5b)
\pgflinewidth=\dimen191
)
("C:\Users\MELEJ\AppData\Local\Programs\MiKTeX 2.9\tex/generic/pgf/basiclayer\p
gfcoretransformations.code.tex"
File: pgfcoretransformations.code.tex 2020/01/08 v3.1.5b (3.1.5b)
\pgf@pt@x=\dimen192
\pgf@pt@y=\dimen193
\pgf@pt@temp=\dimen194
)
("C:\Users\MELEJ\AppData\Local\Programs\MiKTeX 2.9\tex/generic/pgf/basiclayer\p
gfcorequick.code.tex"
File: pgfcorequick.code.tex 2020/01/08 v3.1.5b (3.1.5b)
)
("C:\Users\MELEJ\AppData\Local\Programs\MiKTeX 2.9\tex/generic/pgf/basiclayer\p
gfcoreobjects.code.tex"
File: pgfcoreobjects.code.tex 2020/01/08 v3.1.5b (3.1.5b)
)
("C:\Users\MELEJ\AppData\Local\Programs\MiKTeX 2.9\tex/generic/pgf/basiclayer\p
gfcorepathprocessing.code.tex"
File: pgfcorepathprocessing.code.tex 2020/01/08 v3.1.5b (3.1.5b)
)
("C:\Users\MELEJ\AppData\Local\Programs\MiKTeX 2.9\tex/generic/pgf/basiclayer\p
gfcorearrows.code.tex"
File: pgfcorearrows.code.tex 2020/01/08 v3.1.5b (3.1.5b)
\pgfarrowsep=\dimen195
)
("C:\Users\MELEJ\AppData\Local\Programs\MiKTeX 2.9\tex/generic/pgf/basiclayer\p
gfcoreshade.code.tex"
File: pgfcoreshade.code.tex 2020/01/08 v3.1.5b (3.1.5b)
\pgf@max=\dimen196
\pgf@sys@shading@range@num=\count271
\pgf@shadingcount=\count272
)
("C:\Users\MELEJ\AppData\Local\Programs\MiKTeX 2.9\tex/generic/pgf/basiclayer\p
gfcoreimage.code.tex"
File: pgfcoreimage.code.tex 2020/01/08 v3.1.5b (3.1.5b)

("C:\Users\MELEJ\AppData\Local\Programs\MiKTeX 2.9\tex/generic/pgf/basiclayer\p
gfcoreexternal.code.tex"
File: pgfcoreexternal.code.tex 2020/01/08 v3.1.5b (3.1.5b)
\pgfexternal@startupbox=\box59
))
("C:\Users\MELEJ\AppData\Local\Programs\MiKTeX 2.9\tex/generic/pgf/basiclayer\p
gfcorelayers.code.tex"
File: pgfcorelayers.code.tex 2020/01/08 v3.1.5b (3.1.5b)
)
("C:\Users\MELEJ\AppData\Local\Programs\MiKTeX 2.9\tex/generic/pgf/basiclayer\p
gfcoretransparency.code.tex"
File: pgfcoretransparency.code.tex 2020/01/08 v3.1.5b (3.1.5b)
)
("C:\Users\MELEJ\AppData\Local\Programs\MiKTeX 2.9\tex/generic/pgf/basiclayer\p
gfcorepatterns.code.tex"
File: pgfcorepatterns.code.tex 2020/01/08 v3.1.5b (3.1.5b)
)
("C:\Users\MELEJ\AppData\Local\Programs\MiKTeX 2.9\tex/generic/pgf/basiclayer\p
gfcorerdf.code.tex"
File: pgfcorerdf.code.tex 2020/01/08 v3.1.5b (3.1.5b)
)))
("C:\Users\MELEJ\AppData\Local\Programs\MiKTeX 2.9\tex/latex/pgf/utilities\xxco
lor.sty"
Package: xxcolor 2003/10/24 ver 0.1
\XC@nummixins=\count273
\XC@countmixins=\count274
)
("C:\Users\MELEJ\AppData\Local\Programs\MiKTeX 2.9\tex/generic/atbegshi\atbegsh
i.sty"
Package: atbegshi 2019/12/05 v1.19 At begin shipout hook (HO)

("C:\Users\MELEJ\AppData\Local\Programs\MiKTeX 2.9\tex/generic/infwarerr\infwar
err.sty"
Package: infwarerr 2019/12/03 v1.5 Providing info/warning/error messages (HO)
)
("C:\Users\MELEJ\AppData\Local\Programs\MiKTeX 2.9\tex/generic/ltxcmds\ltxcmds.
sty"
Package: ltxcmds 2019/12/15 v1.24 LaTeX kernel commands for general use (HO)
))
("C:\Users\MELEJ\AppData\Local\Programs\MiKTeX 2.9\tex/latex/hyperref\hyperref.
sty"
Package: hyperref 2020/01/14 v7.00d Hypertext links for LaTeX

("C:\Users\MELEJ\AppData\Local\Programs\MiKTeX 2.9\tex/latex/pdftexcmds\pdftexc
mds.sty"
Package: pdftexcmds 2019/11/24 v0.31 Utility functions of pdfTeX for LuaTeX (HO
)
Package pdftexcmds Info: \pdf@primitive is available.
Package pdftexcmds Info: \pdf@ifprimitive is available.
Package pdftexcmds Info: \pdfdraftmode found.
)
("C:\Users\MELEJ\AppData\Local\Programs\MiKTeX 2.9\tex/generic/kvsetkeys\kvsetk
eys.sty"
Package: kvsetkeys 2019/12/15 v1.18 Key value parser (HO)
)
("C:\Users\MELEJ\AppData\Local\Programs\MiKTeX 2.9\tex/generic/kvdefinekeys\kvd
efinekeys.sty"
Package: kvdefinekeys 2019-12-19 v1.6 Define keys (HO)
)
("C:\Users\MELEJ\AppData\Local\Programs\MiKTeX 2.9\tex/generic/pdfescape\pdfesc
ape.sty"
Package: pdfescape 2019/12/09 v1.15 Implements pdfTeX's escape features (HO)
)
("C:\Users\MELEJ\AppData\Local\Programs\MiKTeX 2.9\tex/latex/hycolor\hycolor.st
y"
Package: hycolor 2020-01-27 v1.10 Color options for hyperref/bookmark (HO)
)
("C:\Users\MELEJ\AppData\Local\Programs\MiKTeX 2.9\tex/latex/letltxmacro\letltx
macro.sty"
Package: letltxmacro 2019/12/03 v1.6 Let assignment for LaTeX macros (HO)
)
("C:\Users\MELEJ\AppData\Local\Programs\MiKTeX 2.9\tex/latex/auxhook\auxhook.st
y"
Package: auxhook 2019-12-17 v1.6 Hooks for auxiliary files (HO)
)
("C:\Users\MELEJ\AppData\Local\Programs\MiKTeX 2.9\tex/latex/kvoptions\kvoption
s.sty"
Package: kvoptions 2019/11/29 v3.13 Key value format for package options (HO)
)
\@linkdim=\dimen197
\Hy@linkcounter=\count275
\Hy@pagecounter=\count276

("C:\Users\MELEJ\AppData\Local\Programs\MiKTeX 2.9\tex/latex/hyperref\pd1enc.de
f"
File: pd1enc.def 2020/01/14 v7.00d Hyperref: PDFDocEncoding definition (HO)
Now handling font encoding PD1 ...
... no UTF-8 mapping file for font encoding PD1
)
("C:\Users\MELEJ\AppData\Local\Programs\MiKTeX 2.9\tex/generic/intcalc\intcalc.
sty"
Package: intcalc 2019/12/15 v1.3 Expandable calculations with integers (HO)
)
("C:\Users\MELEJ\AppData\Local\Programs\MiKTeX 2.9\tex/generic/etexcmds\etexcmd
s.sty"
Package: etexcmds 2019/12/15 v1.7 Avoid name clashes with e-TeX commands (HO)
)
\Hy@SavedSpaceFactor=\count277
Package hyperref Info: Option `bookmarks' set `true' on input line 4421.
Package hyperref Info: Option `bookmarksopen' set `true' on input line 4421.
Package hyperref Info: Option `implicit' set `false' on input line 4421.
Package hyperref Info: Hyper figures OFF on input line 4547.
Package hyperref Info: Link nesting OFF on input line 4552.
Package hyperref Info: Hyper index ON on input line 4555.
Package hyperref Info: Plain pages OFF on input line 4562.
Package hyperref Info: Backreferencing OFF on input line 4567.
Package hyperref Info: Implicit mode OFF; no redefinition of LaTeX internals.
Package hyperref Info: Bookmarks ON on input line 4800.
\c@Hy@tempcnt=\count278
 ("C:\Users\MELEJ\AppData\Local\Programs\MiKTeX 2.9\tex/latex/url\url.sty"
\Urlmuskip=\muskip16
Package: url 2013/09/16  ver 3.4  Verb mode for urls, etc.
)
LaTeX Info: Redefining \url on input line 5159.
\XeTeXLinkMargin=\dimen198

("C:\Users\MELEJ\AppData\Local\Programs\MiKTeX 2.9\tex/generic/bitset\bitset.st
y"
Package: bitset 2019/12/09 v1.3 Handle bit-vector datatype (HO)

("C:\Users\MELEJ\AppData\Local\Programs\MiKTeX 2.9\tex/generic/bigintcalc\bigin
tcalc.sty"
Package: bigintcalc 2019/12/15 v1.5 Expandable calculations on big integers (HO
)
))
\Fld@menulength=\count279
\Field@Width=\dimen199
\Fld@charsize=\dimen256
Package hyperref Info: Hyper figures OFF on input line 6430.
Package hyperref Info: Link nesting OFF on input line 6435.
Package hyperref Info: Hyper index ON on input line 6438.
Package hyperref Info: backreferencing OFF on input line 6445.
Package hyperref Info: Link coloring OFF on input line 6450.
Package hyperref Info: Link coloring with OCG OFF on input line 6455.
Package hyperref Info: PDF/A mode OFF on input line 6460.
LaTeX Info: Redefining \ref on input line 6500.
LaTeX Info: Redefining \pageref on input line 6504.
\Hy@abspage=\count280


Package hyperref Message: Stopped early.

)
Package hyperref Info: Driver (autodetected): hpdftex.

("C:\Users\MELEJ\AppData\Local\Programs\MiKTeX 2.9\tex/latex/hyperref\hpdftex.d
ef"
File: hpdftex.def 2020/01/14 v7.00d Hyperref driver for pdfTeX

("C:\Users\MELEJ\AppData\Local\Programs\MiKTeX 2.9\tex/latex/atveryend\atveryen
d.sty"
Package: atveryend 2019-12-11 v1.11 Hooks at the very end of document (HO)
)
\Fld@listcount=\count281
\c@bookmark@seq@number=\count282

("C:\Users\MELEJ\AppData\Local\Programs\MiKTeX 2.9\tex/latex/rerunfilecheck\rer
unfilecheck.sty"
Package: rerunfilecheck 2019/12/05 v1.9 Rerun checks for auxiliary files (HO)

("C:\Users\MELEJ\AppData\Local\Programs\MiKTeX 2.9\tex/generic/uniquecounter\un
iquecounter.sty"
Package: uniquecounter 2019/12/15 v1.4 Provide unlimited unique counter (HO)
)
Package uniquecounter Info: New unique counter `rerunfilecheck' on input line 2
86.
))
("C:\Users\MELEJ\AppData\Local\Programs\MiKTeX 2.9\tex/latex/beamer\beamerbaser
equires.sty"
("C:\Users\MELEJ\AppData\Local\Programs\MiKTeX 2.9\tex/latex/beamer\beamerbasec
ompatibility.sty")
("C:\Users\MELEJ\AppData\Local\Programs\MiKTeX 2.9\tex/latex/beamer\beamerbasef
ont.sty"
("C:\Users\MELEJ\AppData\Local\Programs\MiKTeX 2.9\tex/latex/amsfonts\amssymb.s
ty"
Package: amssymb 2013/01/14 v3.01 AMS font symbols

("C:\Users\MELEJ\AppData\Local\Programs\MiKTeX 2.9\tex/latex/amsfonts\amsfonts.
sty"
Package: amsfonts 2013/01/14 v3.01 Basic AMSFonts support
\@emptytoks=\toks27
\symAMSa=\mathgroup4
\symAMSb=\mathgroup5
LaTeX Font Info:    Redeclaring math symbol \hbar on input line 98.
LaTeX Font Info:    Overwriting math alphabet `\mathfrak' in version `bold'
(Font)                  U/euf/m/n --> U/euf/b/n on input line 106.
))
("C:\Users\MELEJ\AppData\Local\Programs\MiKTeX 2.9\tex/latex/sansmathaccent\san
smathaccent.sty"
Package: sansmathaccent 2020/01/31

("C:\Users\MELEJ\AppData\Local\Programs\MiKTeX 2.9\tex/latex/koma-script\scrlfi
le.sty"
Package: scrlfile 2020/04/19 v3.30 KOMA-Script package (loading files)
)))
("C:\Users\MELEJ\AppData\Local\Programs\MiKTeX 2.9\tex/latex/beamer\beamerbaset
ranslator.sty"
("C:\Users\MELEJ\AppData\Local\Programs\MiKTeX 2.9\tex/latex/translator\transla
tor.sty"
Package: translator 2019-05-31 v1.12a Easy translation of strings in LaTeX
))
("C:\Users\MELEJ\AppData\Local\Programs\MiKTeX 2.9\tex/latex/beamer\beamerbasem
isc.sty")
("C:\Users\MELEJ\AppData\Local\Programs\MiKTeX 2.9\tex/latex/beamer\beamerbaset
woscreens.sty")
("C:\Users\MELEJ\AppData\Local\Programs\MiKTeX 2.9\tex/latex/beamer\beamerbaseo
verlay.sty"
\beamer@argscount=\count283
\beamer@lastskipcover=\skip50
\beamer@trivlistdepth=\count284
)
("C:\Users\MELEJ\AppData\Local\Programs\MiKTeX 2.9\tex/latex/beamer\beamerbaset
itle.sty")
("C:\Users\MELEJ\AppData\Local\Programs\MiKTeX 2.9\tex/latex/beamer\beamerbases
ection.sty"
\c@lecture=\count285
\c@part=\count286
\c@section=\count287
\c@subsection=\count288
\c@subsubsection=\count289
)
("C:\Users\MELEJ\AppData\Local\Programs\MiKTeX 2.9\tex/latex/beamer\beamerbasef
rame.sty"
\beamer@framebox=\box60
\beamer@frametitlebox=\box61
\beamer@zoombox=\box62
\beamer@zoomcount=\count290
\beamer@zoomframecount=\count291
\beamer@frametextheight=\dimen257
\c@subsectionslide=\count292
\beamer@frametopskip=\skip51
\beamer@framebottomskip=\skip52
\beamer@frametopskipautobreak=\skip53
\beamer@framebottomskipautobreak=\skip54
\beamer@envbody=\toks28
\framewidth=\dimen258
\c@framenumber=\count293
)
("C:\Users\MELEJ\AppData\Local\Programs\MiKTeX 2.9\tex/latex/beamer\beamerbasev
erbatim.sty"
\beamer@verbatimfileout=\write4
)
("C:\Users\MELEJ\AppData\Local\Programs\MiKTeX 2.9\tex/latex/beamer\beamerbasef
ramesize.sty"
\beamer@splitbox=\box63
\beamer@autobreakcount=\count294
\beamer@autobreaklastheight=\dimen259
\beamer@frametitletoks=\toks29
\beamer@framesubtitletoks=\toks30
)
("C:\Users\MELEJ\AppData\Local\Programs\MiKTeX 2.9\tex/latex/beamer\beamerbasef
ramecomponents.sty"
\beamer@footins=\box64
)
("C:\Users\MELEJ\AppData\Local\Programs\MiKTeX 2.9\tex/latex/beamer\beamerbasec
olor.sty")
("C:\Users\MELEJ\AppData\Local\Programs\MiKTeX 2.9\tex/latex/beamer\beamerbasen
otes.sty"
\beamer@frameboxcopy=\box65
)
("C:\Users\MELEJ\AppData\Local\Programs\MiKTeX 2.9\tex/latex/beamer\beamerbaset
oc.sty")
("C:\Users\MELEJ\AppData\Local\Programs\MiKTeX 2.9\tex/latex/beamer\beamerbaset
emplates.sty"
\beamer@sbttoks=\toks31

("C:\Users\MELEJ\AppData\Local\Programs\MiKTeX 2.9\tex/latex/beamer\beamerbasea
uxtemplates.sty"
("C:\Users\MELEJ\AppData\Local\Programs\MiKTeX 2.9\tex/latex/beamer\beamerbaseb
oxes.sty"
\bmb@box=\box66
\bmb@colorbox=\box67
\bmb@boxshadow=\box68
\bmb@boxshadowball=\box69
\bmb@boxshadowballlarge=\box70
\bmb@temp=\dimen260
\bmb@dima=\dimen261
\bmb@dimb=\dimen262
\bmb@prevheight=\dimen263
)
\beamer@blockheadheight=\dimen264
))
("C:\Users\MELEJ\AppData\Local\Programs\MiKTeX 2.9\tex/latex/beamer\beamerbasel
ocalstructure.sty"
("C:\Users\MELEJ\AppData\Local\Programs\MiKTeX 2.9\tex/latex/tools\enumerate.st
y"
Package: enumerate 2015/07/23 v3.00 enumerate extensions (DPC)
\@enLab=\toks32
)
\c@figure=\count295
\c@table=\count296
\abovecaptionskip=\skip55
\belowcaptionskip=\skip56
)
("C:\Users\MELEJ\AppData\Local\Programs\MiKTeX 2.9\tex/latex/beamer\beamerbasen
avigation.sty"
\beamer@section@min@dim=\dimen265
)
("C:\Users\MELEJ\AppData\Local\Programs\MiKTeX 2.9\tex/latex/beamer\beamerbaset
heorems.sty"
("C:\Users\MELEJ\AppData\Local\Programs\MiKTeX 2.9\tex/latex/amsmath\amsmath.st
y"
Package: amsmath 2020/01/20 v2.17e AMS math features
\@mathmargin=\skip57

For additional information on amsmath, use the `?' option.

("C:\Users\MELEJ\AppData\Local\Programs\MiKTeX 2.9\tex/latex/amsmath\amstext.st
y"
Package: amstext 2000/06/29 v2.01 AMS text

("C:\Users\MELEJ\AppData\Local\Programs\MiKTeX 2.9\tex/latex/amsmath\amsgen.sty
"
File: amsgen.sty 1999/11/30 v2.0 generic functions
\@emptytoks=\toks33
\ex@=\dimen266
))
("C:\Users\MELEJ\AppData\Local\Programs\MiKTeX 2.9\tex/latex/amsmath\amsbsy.sty
"
Package: amsbsy 1999/11/29 v1.2d Bold Symbols
\pmbraise@=\dimen267
)
("C:\Users\MELEJ\AppData\Local\Programs\MiKTeX 2.9\tex/latex/amsmath\amsopn.sty
"
Package: amsopn 2016/03/08 v2.02 operator names
)
\inf@bad=\count297
LaTeX Info: Redefining \frac on input line 227.
\uproot@=\count298
\leftroot@=\count299
LaTeX Info: Redefining \overline on input line 389.
\classnum@=\count300
\DOTSCASE@=\count301
LaTeX Info: Redefining \ldots on input line 486.
LaTeX Info: Redefining \dots on input line 489.
LaTeX Info: Redefining \cdots on input line 610.
\Mathstrutbox@=\box71
\strutbox@=\box72
\big@size=\dimen268
LaTeX Font Info:    Redeclaring font encoding OML on input line 733.
LaTeX Font Info:    Redeclaring font encoding OMS on input line 734.
\macc@depth=\count302
\c@MaxMatrixCols=\count303
\dotsspace@=\muskip17
\c@parentequation=\count304
\dspbrk@lvl=\count305
\tag@help=\toks34
\row@=\count306
\column@=\count307
\maxfields@=\count308
\andhelp@=\toks35
\eqnshift@=\dimen269
\alignsep@=\dimen270
\tagshift@=\dimen271
\tagwidth@=\dimen272
\totwidth@=\dimen273
\lineht@=\dimen274
\@envbody=\toks36
\multlinegap=\skip58
\multlinetaggap=\skip59
\mathdisplay@stack=\toks37
LaTeX Info: Redefining \[ on input line 2859.
LaTeX Info: Redefining \] on input line 2860.
)
("C:\Users\MELEJ\AppData\Local\Programs\MiKTeX 2.9\tex/latex/amscls\amsthm.sty"
Package: amsthm 2017/10/31 v2.20.4
\thm@style=\toks38
\thm@bodyfont=\toks39
\thm@headfont=\toks40
\thm@notefont=\toks41
\thm@headpunct=\toks42
\thm@preskip=\skip60
\thm@postskip=\skip61
\thm@headsep=\skip62
\dth@everypar=\toks43
)
\c@theorem=\count309
)
("C:\Users\MELEJ\AppData\Local\Programs\MiKTeX 2.9\tex/latex/beamer\beamerbaset
hemes.sty"))
("C:\Users\MELEJ\AppData\Local\Programs\MiKTeX 2.9\tex/latex/beamer\beamertheme
default.sty"
("C:\Users\MELEJ\AppData\Local\Programs\MiKTeX 2.9\tex/latex/beamer\beamerfontt
hemedefault.sty")
("C:\Users\MELEJ\AppData\Local\Programs\MiKTeX 2.9\tex/latex/beamer\beamercolor
themedefault.sty")
("C:\Users\MELEJ\AppData\Local\Programs\MiKTeX 2.9\tex/latex/beamer\beamerinner
themedefault.sty"
\beamer@dima=\dimen275
\beamer@dimb=\dimen276
)
("C:\Users\MELEJ\AppData\Local\Programs\MiKTeX 2.9\tex/latex/beamer\beamerouter
themedefault.sty")))
("C:\Users\MELEJ\AppData\Local\Programs\MiKTeX 2.9\tex/latex/base\fontenc.sty"
Package: fontenc 2020/02/11 v2.0o Standard LaTeX package
) ("C:\Users\MELEJ\AppData\Local\Programs\MiKTeX 2.9\tex/latex/base\inputenc.st
y"
Package: inputenc 2018/08/11 v1.3c Input encoding file
\inpenc@prehook=\toks44
\inpenc@posthook=\toks45
)
("C:\Users\MELEJ\AppData\Local\Programs\MiKTeX 2.9\tex/generic/babel\babel.sty"
Package: babel 2020/04/28 3.43 The Babel package
("C:\Users\MELEJ\AppData\Local\Programs\MiKTeX 2.9\tex/generic/babel\babel.def"
File: babel.def 2020/04/28 3.43 Babel common definitions
\babel@savecnt=\count310
\U@D=\dimen277

("C:\Users\MELEJ\AppData\Local\Programs\MiKTeX 2.9\tex/generic/babel\txtbabel.d
ef")
\bbl@readstream=\read3
)
LaTeX Info: Redefining \textlatin on input line 779.
\bbl@dirlevel=\count311

*************************************
* Local config file bblopts.cfg used
*
("C:\Users\MELEJ\AppData\Local\Programs\MiKTeX 2.9\tex/latex/arabi\bblopts.cfg"
File: bblopts.cfg 2005/09/08 v0.1 add Arabic and Farsi to "declared" options of
 babel
)
("C:\Users\MELEJ\AppData\Local\Programs\MiKTeX 2.9\tex/latex/babel-spanish\span
ish.ldf"
Language: spanish.ldf 2016/03/03 v5.0p Spanish support from the babel system
\es@quottoks=\toks46
\es@quotdepth=\count312
Package babel Info: Making " an active character on input line 561.
Package babel Info: Making . an active character on input line 662.
Package babel Info: Making < an active character on input line 707.
Package babel Info: Making > an active character on input line 707.
))
("C:\Users\MELEJ\AppData\Local\Programs\MiKTeX 2.9\tex/latex/lm\lmodern.sty"
Package: lmodern 2009/10/30 v1.6 Latin Modern Fonts
LaTeX Font Info:    Overwriting symbol font `operators' in version `normal'
(Font)                  OT1/cmr/m/n --> OT1/lmr/m/n on input line 22.
LaTeX Font Info:    Overwriting symbol font `letters' in version `normal'
(Font)                  OML/cmm/m/it --> OML/lmm/m/it on input line 23.
LaTeX Font Info:    Overwriting symbol font `symbols' in version `normal'
(Font)                  OMS/cmsy/m/n --> OMS/lmsy/m/n on input line 24.
LaTeX Font Info:    Overwriting symbol font `largesymbols' in version `normal'
(Font)                  OMX/cmex/m/n --> OMX/lmex/m/n on input line 25.
LaTeX Font Info:    Overwriting symbol font `operators' in version `bold'
(Font)                  OT1/cmr/bx/n --> OT1/lmr/bx/n on input line 26.
LaTeX Font Info:    Overwriting symbol font `letters' in version `bold'
(Font)                  OML/cmm/b/it --> OML/lmm/b/it on input line 27.
LaTeX Font Info:    Overwriting symbol font `symbols' in version `bold'
(Font)                  OMS/cmsy/b/n --> OMS/lmsy/b/n on input line 28.
LaTeX Font Info:    Overwriting symbol font `largesymbols' in version `bold'
(Font)                  OMX/cmex/m/n --> OMX/lmex/m/n on input line 29.
LaTeX Font Info:    Overwriting math alphabet `\mathbf' in version `normal'
(Font)                  OT1/cmr/bx/n --> OT1/lmr/bx/n on input line 31.
LaTeX Font Info:    Overwriting math alphabet `\mathsf' in version `normal'
(Font)                  OT1/cmss/m/n --> OT1/lmss/m/n on input line 32.
LaTeX Font Info:    Overwriting math alphabet `\mathit' in version `normal'
(Font)                  OT1/cmr/m/it --> OT1/lmr/m/it on input line 33.
LaTeX Font Info:    Overwriting math alphabet `\mathtt' in version `normal'
(Font)                  OT1/cmtt/m/n --> OT1/lmtt/m/n on input line 34.
LaTeX Font Info:    Overwriting math alphabet `\mathbf' in version `bold'
(Font)                  OT1/cmr/bx/n --> OT1/lmr/bx/n on input line 35.
LaTeX Font Info:    Overwriting math alphabet `\mathsf' in version `bold'
(Font)                  OT1/cmss/bx/n --> OT1/lmss/bx/n on input line 36.
LaTeX Font Info:    Overwriting math alphabet `\mathit' in version `bold'
(Font)                  OT1/cmr/bx/it --> OT1/lmr/bx/it on input line 37.
LaTeX Font Info:    Overwriting math alphabet `\mathtt' in version `bold'
(Font)                  OT1/cmtt/m/n --> OT1/lmtt/m/n on input line 38.
)
("C:\Users\MELEJ\AppData\Local\Programs\MiKTeX 2.9\tex/latex/pgf/frontendlayer\
tikz.sty"
("C:\Users\MELEJ\AppData\Local\Programs\MiKTeX 2.9\tex/latex/pgf/basiclayer\pgf
.sty"
Package: pgf 2020/01/08 v3.1.5b (3.1.5b)

("C:\Users\MELEJ\AppData\Local\Programs\MiKTeX 2.9\tex/generic/pgf/modules\pgfm
oduleshapes.code.tex"
File: pgfmoduleshapes.code.tex 2020/01/08 v3.1.5b (3.1.5b)
\pgfnodeparttextbox=\box73
)
("C:\Users\MELEJ\AppData\Local\Programs\MiKTeX 2.9\tex/generic/pgf/modules\pgfm
oduleplot.code.tex"
File: pgfmoduleplot.code.tex 2020/01/08 v3.1.5b (3.1.5b)
)
("C:\Users\MELEJ\AppData\Local\Programs\MiKTeX 2.9\tex/latex/pgf/compatibility\
pgfcomp-version-0-65.sty"
Package: pgfcomp-version-0-65 2020/01/08 v3.1.5b (3.1.5b)
\pgf@nodesepstart=\dimen278
\pgf@nodesepend=\dimen279
)
("C:\Users\MELEJ\AppData\Local\Programs\MiKTeX 2.9\tex/latex/pgf/compatibility\
pgfcomp-version-1-18.sty"
Package: pgfcomp-version-1-18 2020/01/08 v3.1.5b (3.1.5b)
))
("C:\Users\MELEJ\AppData\Local\Programs\MiKTeX 2.9\tex/latex/pgf/utilities\pgff
or.sty"
("C:\Users\MELEJ\AppData\Local\Programs\MiKTeX 2.9\tex/latex/pgf/utilities\pgfk
eys.sty"
("C:\Users\MELEJ\AppData\Local\Programs\MiKTeX 2.9\tex/generic/pgf/utilities\pg
fkeys.code.tex"))
("C:\Users\MELEJ\AppData\Local\Programs\MiKTeX 2.9\tex/latex/pgf/math\pgfmath.s
ty"
("C:\Users\MELEJ\AppData\Local\Programs\MiKTeX 2.9\tex/generic/pgf/math\pgfmath
.code.tex"))
("C:\Users\MELEJ\AppData\Local\Programs\MiKTeX 2.9\tex/generic/pgf/utilities\pg
ffor.code.tex"
Package: pgffor 2020/01/08 v3.1.5b (3.1.5b)

("C:\Users\MELEJ\AppData\Local\Programs\MiKTeX 2.9\tex/generic/pgf/math\pgfmath
.code.tex")
\pgffor@iter=\dimen280
\pgffor@skip=\dimen281
\pgffor@stack=\toks47
\pgffor@toks=\toks48
))
("C:\Users\MELEJ\AppData\Local\Programs\MiKTeX 2.9\tex/generic/pgf/frontendlaye
r/tikz\tikz.code.tex"
Package: tikz 2020/01/08 v3.1.5b (3.1.5b)

("C:\Users\MELEJ\AppData\Local\Programs\MiKTeX 2.9\tex/generic/pgf/libraries\pg
flibraryplothandlers.code.tex"
File: pgflibraryplothandlers.code.tex 2020/01/08 v3.1.5b (3.1.5b)
\pgf@plot@mark@count=\count313
\pgfplotmarksize=\dimen282
)
\tikz@lastx=\dimen283
\tikz@lasty=\dimen284
\tikz@lastxsaved=\dimen285
\tikz@lastysaved=\dimen286
\tikz@lastmovetox=\dimen287
\tikz@lastmovetoy=\dimen288
\tikzleveldistance=\dimen289
\tikzsiblingdistance=\dimen290
\tikz@figbox=\box74
\tikz@figbox@bg=\box75
\tikz@tempbox=\box76
\tikz@tempbox@bg=\box77
\tikztreelevel=\count314
\tikznumberofchildren=\count315
\tikznumberofcurrentchild=\count316
\tikz@fig@count=\count317

("C:\Users\MELEJ\AppData\Local\Programs\MiKTeX 2.9\tex/generic/pgf/modules\pgfm
odulematrix.code.tex"
File: pgfmodulematrix.code.tex 2020/01/08 v3.1.5b (3.1.5b)
\pgfmatrixcurrentrow=\count318
\pgfmatrixcurrentcolumn=\count319
\pgf@matrix@numberofcolumns=\count320
)
\tikz@expandcount=\count321

("C:\Users\MELEJ\AppData\Local\Programs\MiKTeX 2.9\tex/generic/pgf/frontendlaye
r/tikz/libraries\tikzlibrarytopaths.code.tex"
File: tikzlibrarytopaths.code.tex 2020/01/08 v3.1.5b (3.1.5b)
)))
("C:\Users\MELEJ\AppData\Local\Programs\MiKTeX 2.9\tex/latex/algorithm2e\algori
thm2e.sty"
Package: algorithm2e 2017/07/18 v5.2 algorithms environments
\c@AlgoLine=\count322

("C:\Users\MELEJ\AppData\Local\Programs\MiKTeX 2.9\tex/latex/base\ifthen.sty"
Package: ifthen 2014/09/29 v1.1c Standard LaTeX ifthen package (DPC)
)
\algocf@hangindent=\skip63

("C:\Users\MELEJ\AppData\Local\Programs\MiKTeX 2.9\tex/latex/ifoddpage\ifoddpag
e.sty"
Package: ifoddpage 2016/04/23 v1.1 Conditionals for odd/even page detection
\c@checkoddpage=\count323
)
("C:\Users\MELEJ\AppData\Local\Programs\MiKTeX 2.9\tex/latex/tools\xspace.sty"
Package: xspace 2014/10/28 v1.13 Space after command names (DPC,MH)
)
("C:\Users\MELEJ\AppData\Local\Programs\MiKTeX 2.9\tex/latex/relsize\relsize.st
y"
Package: relsize 2013/03/29 ver 4.1
)
\skiptotal=\skip64
\skiplinenumber=\skip65
\skiprule=\skip66
\skiphlne=\skip67
\skiptext=\skip68
\skiplength=\skip69
\algomargin=\skip70
\skipalgocfslide=\skip71
\algowidth=\dimen291
\inoutsize=\dimen292
\inoutindent=\dimen293
\interspacetitleruled=\dimen294
\interspacealgoruled=\dimen295
\interspacetitleboxruled=\dimen296
\algocf@ruledwidth=\skip72
\algocf@inoutbox=\box78
\algocf@inputbox=\box79
\AlCapSkip=\skip73
\AlCapHSkip=\skip74
\algoskipindent=\skip75
\algocf@nlbox=\box80
\algocf@hangingbox=\box81
\algocf@untilbox=\box82
\algocf@skipuntil=\skip76
\algocf@capbox=\box83
\algocf@lcaptionbox=\skip77
\algoheightruledefault=\skip78
\algoheightrule=\skip79
\algotitleheightruledefault=\skip80
\algotitleheightrule=\skip81
\c@algocfline=\count324
\c@algocfproc=\count325
\c@algocf=\count326
\algocf@algoframe=\box84
\algocf@algobox=\box85
)
("C:\Users\MELEJ\AppData\Local\Programs\MiKTeX 2.9\tex/generic/pgf/frontendlaye
r/tikz/libraries\tikzlibraryarrows.code.tex"
File: tikzlibraryarrows.code.tex 2020/01/08 v3.1.5b (3.1.5b)

("C:\Users\MELEJ\AppData\Local\Programs\MiKTeX 2.9\tex/generic/pgf/libraries\pg
flibraryarrows.code.tex"
File: pgflibraryarrows.code.tex 2020/01/08 v3.1.5b (3.1.5b)
\arrowsize=\dimen297
))
("C:\Users\MELEJ\AppData\Local\Programs\MiKTeX 2.9\tex/generic/pgf/frontendlaye
r/tikz/libraries\tikzlibraryautomata.code.tex"
File: tikzlibraryautomata.code.tex 2020/01/08 v3.1.5b (3.1.5b)

("C:\Users\MELEJ\AppData\Local\Programs\MiKTeX 2.9\tex/generic/pgf/frontendlaye
r/tikz/libraries\tikzlibraryshapes.multipart.code.tex"
File: tikzlibraryshapes.multipart.code.tex 2020/01/08 v3.1.5b (3.1.5b)

("C:\Users\MELEJ\AppData\Local\Programs\MiKTeX 2.9\tex/generic/pgf/libraries/sh
apes\pgflibraryshapes.multipart.code.tex"
File: pgflibraryshapes.multipart.code.tex 2020/01/08 v3.1.5b (3.1.5b)
\pgfnodepartlowerbox=\box86
\pgfnodeparttwobox=\box87
\pgfnodepartthreebox=\box88
\pgfnodepartfourbox=\box89
\pgfnodeparttwentybox=\box90
\pgfnodepartnineteenbox=\box91
\pgfnodeparteighteenbox=\box92
\pgfnodepartseventeenbox=\box93
\pgfnodepartsixteenbox=\box94
\pgfnodepartfifteenbox=\box95
\pgfnodepartfourteenbox=\box96
\pgfnodepartthirteenbox=\box97
\pgfnodeparttwelvebox=\box98
\pgfnodepartelevenbox=\box99
\pgfnodeparttenbox=\box100
\pgfnodepartninebox=\box101
\pgfnodeparteightbox=\box102
\pgfnodepartsevenbox=\box103
\pgfnodepartsixbox=\box104
\pgfnodepartfivebox=\box105
)))
("C:\Users\MELEJ\AppData\Local\Programs\MiKTeX 2.9\tex/generic/pgf/frontendlaye
r/tikz/libraries\tikzlibrarypositioning.code.tex"
File: tikzlibrarypositioning.code.tex 2020/01/08 v3.1.5b (3.1.5b)
)
("C:\Users\MELEJ\AppData\Local\Programs\MiKTeX 2.9\tex/latex/dashrule\dashrule.
sty"
Package: dashrule 2013/03/28 v1.3 Dashed rules

("C:\Users\MELEJ\AppData\Local\Programs\MiKTeX 2.9\tex/latex/ifmtarg\ifmtarg.st
y"
Package: ifmtarg 2018/04/16 v1.2b check for an empty argument
)
\c@hdr@segments=\count327
)
("C:\Users\MELEJ\AppData\Local\Programs\MiKTeX 2.9\tex/latex/beamer\beamertheme
Frankfurt.sty"
("C:\Users\MELEJ\AppData\Local\Programs\MiKTeX 2.9\tex/latex/beamer\beamerouter
themesmoothbars.sty")
("C:\Users\MELEJ\AppData\Local\Programs\MiKTeX 2.9\tex/latex/beamer\beamerinner
themerounded.sty")
("C:\Users\MELEJ\AppData\Local\Programs\MiKTeX 2.9\tex/latex/beamer\beamercolor
themeorchid.sty")
("C:\Users\MELEJ\AppData\Local\Programs\MiKTeX 2.9\tex/latex/beamer\beamercolor
themewhale.sty"))
("C:\Users\MELEJ\AppData\Local\Programs\MiKTeX 2.9\tex/latex/beamer\beamercolor
themecrane.sty")
("C:\Users\MELEJ\AppData\Local\Programs\MiKTeX 2.9\tex/latex/beamer\beamerfontt
hemeserif.sty") (simbolos.tex
\pgf@layerbox@bg=\box106
\pgf@layerboxsaved@bg=\box107
)
("C:\Users\MELEJ\AppData\Local\Programs\MiKTeX 2.9\tex/latex/l3backend\l3backen
d-pdfmode.def"
File: l3backend-pdfmode.def 2020-05-05 L3 backend support: PDF mode
\l__kernel_color_stack_int=\count328
\l__pdf_internal_box=\box108
) ("examen prereesidencia.aux"
LaTeX Info: Redefining \. on input line 25.
LaTeX Info: Redefining \% on input line 25.
)
\openout1 = `"examen prereesidencia.aux"'.

LaTeX Font Info:    Checking defaults for OML/cmm/m/it on input line 34.
LaTeX Font Info:    ... okay on input line 34.
LaTeX Font Info:    Checking defaults for OMS/cmsy/m/n on input line 34.
LaTeX Font Info:    ... okay on input line 34.
LaTeX Font Info:    Checking defaults for OT1/cmr/m/n on input line 34.
LaTeX Font Info:    ... okay on input line 34.
LaTeX Font Info:    Checking defaults for T1/cmr/m/n on input line 34.
LaTeX Font Info:    ... okay on input line 34.
LaTeX Font Info:    Checking defaults for TS1/cmr/m/n on input line 34.
LaTeX Font Info:    ... okay on input line 34.
LaTeX Font Info:    Checking defaults for OMX/cmex/m/n on input line 34.
LaTeX Font Info:    ... okay on input line 34.
LaTeX Font Info:    Checking defaults for U/cmr/m/n on input line 34.
LaTeX Font Info:    ... okay on input line 34.
LaTeX Font Info:    Checking defaults for PD1/pdf/m/n on input line 34.
LaTeX Font Info:    ... okay on input line 34.
LaTeX Font Info:    Trying to load font information for T1+lmss on input line 3
4.

("C:\Users\MELEJ\AppData\Local\Programs\MiKTeX 2.9\tex/latex/lm\t1lmss.fd"
File: t1lmss.fd 2009/10/30 v1.6 Font defs for Latin Modern
)
*geometry* driver: auto-detecting
*geometry* detected driver: pdftex
*geometry* verbose mode - [ preamble ] result:
* driver: pdftex
* paper: custom
* layout: <same size as paper>
* layoutoffset:(h,v)=(0.0pt,0.0pt)
* modes: includehead includefoot 
* h-part:(L,W,R)=(28.45274pt, 307.28987pt, 28.45274pt)
* v-part:(T,H,B)=(0.0pt, 273.14662pt, 0.0pt)
* \paperwidth=364.19536pt
* \paperheight=273.14662pt
* \textwidth=307.28987pt
* \textheight=244.6939pt
* \oddsidemargin=-43.81725pt
* \evensidemargin=-43.81725pt
* \topmargin=-72.26999pt
* \headheight=14.22636pt
* \headsep=0.0pt
* \topskip=11.0pt
* \footskip=14.22636pt
* \marginparwidth=4.0pt
* \marginparsep=10.0pt
* \columnsep=10.0pt
* \skip\footins=10.0pt plus 4.0pt minus 2.0pt
* \hoffset=0.0pt
* \voffset=0.0pt
* \mag=1000
* \@twocolumnfalse
* \@twosidefalse
* \@mparswitchfalse
* \@reversemarginfalse
* (1in=72.27pt=25.4mm, 1cm=28.453pt)


("C:\Users\MELEJ\AppData\Local\Programs\MiKTeX 2.9\tex/context/base/mkii\supp-p
df.mkii"
[Loading MPS to PDF converter (version 2006.09.02).]
\scratchcounter=\count329
\scratchdimen=\dimen298
\scratchbox=\box109
\nofMPsegments=\count330
\nofMParguments=\count331
\everyMPshowfont=\toks49
\MPscratchCnt=\count332
\MPscratchDim=\dimen299
\MPnumerator=\count333
\makeMPintoPDFobject=\count334
\everyMPtoPDFconversion=\toks50
)
("C:\Users\MELEJ\AppData\Local\Programs\MiKTeX 2.9\tex/latex/epstopdf-pkg\epsto
pdf-base.sty"
Package: epstopdf-base 2020-01-24 v2.11 Base part for package epstopdf
Package epstopdf-base Info: Redefining graphics rule for `.eps' on input line 4
85.
) ABD: EveryShipout initializing macros
\AtBeginShipoutBox=\box110
Package hyperref Info: Link coloring OFF on input line 34.

("C:\Users\MELEJ\AppData\Local\Programs\MiKTeX 2.9\tex/latex/hyperref\nameref.s
ty"
Package: nameref 2019/09/16 v2.46 Cross-referencing by name of section

("C:\Users\MELEJ\AppData\Local\Programs\MiKTeX 2.9\tex/latex/refcount\refcount.
sty"
Package: refcount 2019/12/15 v3.6 Data extraction from label references (HO)
)
("C:\Users\MELEJ\AppData\Local\Programs\MiKTeX 2.9\tex/generic/gettitlestring\g
ettitlestring.sty"
Package: gettitlestring 2019/12/15 v1.6 Cleanup title references (HO)
)
\c@section@level=\count335
)
LaTeX Info: Redefining \ref on input line 34.
LaTeX Info: Redefining \pageref on input line 34.
LaTeX Info: Redefining \nameref on input line 34.
 ("examen prereesidencia.out") ("examen prereesidencia.out")
\@outlinefile=\write5
\openout5 = `"examen prereesidencia.out"'.


("C:\Users\MELEJ\AppData\Local\Programs\MiKTeX 2.9\tex/latex/translator\transla
tor-basic-dictionary-English.dict"
Dictionary: translator-basic-dictionary, Language: English 
)
("C:\Users\MELEJ\AppData\Local\Programs\MiKTeX 2.9\tex/latex/translator\transla
tor-basic-dictionary-Spanish.dict"
Dictionary: translator-basic-dictionary, Language: Spanish 
)
("C:\Users\MELEJ\AppData\Local\Programs\MiKTeX 2.9\tex/latex/translator\transla
tor-bibliography-dictionary-English.dict"
Dictionary: translator-bibliography-dictionary, Language: English 
)
("C:\Users\MELEJ\AppData\Local\Programs\MiKTeX 2.9\tex/latex/translator\transla
tor-bibliography-dictionary-Spanish.dict"
Dictionary: translator-bibliography-dictionary, Language: Spanish 
)
("C:\Users\MELEJ\AppData\Local\Programs\MiKTeX 2.9\tex/latex/translator\transla
tor-environment-dictionary-English.dict"
Dictionary: translator-environment-dictionary, Language: English 
)
("C:\Users\MELEJ\AppData\Local\Programs\MiKTeX 2.9\tex/latex/translator\transla
tor-environment-dictionary-Spanish.dict"
Dictionary: translator-environment-dictionary, Language: Spanish 
)
("C:\Users\MELEJ\AppData\Local\Programs\MiKTeX 2.9\tex/latex/translator\transla
tor-months-dictionary-English.dict"
Dictionary: translator-months-dictionary, Language: English 
)
("C:\Users\MELEJ\AppData\Local\Programs\MiKTeX 2.9\tex/latex/translator\transla
tor-months-dictionary-Spanish.dict"
Dictionary: translator-months-dictionary, Language: Spanish 
)
("C:\Users\MELEJ\AppData\Local\Programs\MiKTeX 2.9\tex/latex/translator\transla
tor-numbers-dictionary-English.dict"
Dictionary: translator-numbers-dictionary, Language: English 
)
("C:\Users\MELEJ\AppData\Local\Programs\MiKTeX 2.9\tex/latex/translator\transla
tor-numbers-dictionary-Spanish.dict"
Dictionary: translator-numbers-dictionary, Language: Spanish 
)
("C:\Users\MELEJ\AppData\Local\Programs\MiKTeX 2.9\tex/latex/translator\transla
tor-theorem-dictionary-English.dict"
Dictionary: translator-theorem-dictionary, Language: English 
)
("C:\Users\MELEJ\AppData\Local\Programs\MiKTeX 2.9\tex/latex/translator\transla
tor-theorem-dictionary-Spanish.dict"
Dictionary: translator-theorem-dictionary, Language: Spanish 
)
LaTeX Info: Redefining \. on input line 34.
LaTeX Info: Redefining \% on input line 34.
 ("examen prereesidencia.nav")
LaTeX Font Info:    Trying to load font information for OT1+lmr on input line 3
4.

("C:\Users\MELEJ\AppData\Local\Programs\MiKTeX 2.9\tex/latex/lm\ot1lmr.fd"
File: ot1lmr.fd 2009/10/30 v1.6 Font defs for Latin Modern
)
LaTeX Font Info:    Trying to load font information for OML+lmm on input line 3
4.

("C:\Users\MELEJ\AppData\Local\Programs\MiKTeX 2.9\tex/latex/lm\omllmm.fd"
File: omllmm.fd 2009/10/30 v1.6 Font defs for Latin Modern
)
LaTeX Font Info:    Trying to load font information for OMS+lmsy on input line 
34.

("C:\Users\MELEJ\AppData\Local\Programs\MiKTeX 2.9\tex/latex/lm\omslmsy.fd"
File: omslmsy.fd 2009/10/30 v1.6 Font defs for Latin Modern
)
LaTeX Font Info:    Trying to load font information for OMX+lmex on input line 
34.

("C:\Users\MELEJ\AppData\Local\Programs\MiKTeX 2.9\tex/latex/lm\omxlmex.fd"
File: omxlmex.fd 2009/10/30 v1.6 Font defs for Latin Modern
)
LaTeX Font Info:    External font `lmex10' loaded for size
(Font)              <6> on input line 34.
LaTeX Font Info:    External font `lmex10' loaded for size
(Font)              <5> on input line 34.
LaTeX Font Info:    Trying to load font information for U+msa on input line 34.


("C:\Users\MELEJ\AppData\Local\Programs\MiKTeX 2.9\tex/latex/amsfonts\umsa.fd"
File: umsa.fd 2013/01/14 v3.01 AMS symbols A
)
LaTeX Font Info:    Trying to load font information for U+msb on input line 34.

("C:\Users\MELEJ\AppData\Local\Programs\MiKTeX 2.9\tex/latex/amsfonts\umsb.fd"
File: umsb.fd 2013/01/14 v3.01 AMS symbols B
)
Overfull \hbox (52.22278pt too wide) detected at line 34
  [] [][][][][][][][][][] [][][][] [][][][][][][][] [][] [][][][][][][][][][][]
[][][][][] [][][][]  
 []


Package hyperref Warning: Option `pdfauthor' has already been used,
(hyperref)                setting the option has no effect on input line 38.

LaTeX Font Info:    External font `lmex10' loaded for size
(Font)              <14.4> on input line 44.
LaTeX Font Info:    External font `lmex10' loaded for size
(Font)              <10> on input line 44.
LaTeX Font Info:    External font `lmex10' loaded for size
(Font)              <7> on input line 44.

Overfull \hbox (52.22278pt too wide) has occurred while \output is active
  [] [][][][][][][][][][] [][][][] [][][][][][][][] [][] [][][][][][][][][][][]
[][][][][] [][][][]  
 []

[1{C:/Users/MELEJ/AppData/Local/MiKTeX/2.9/pdftex/config/pdftex.map}

]
("examen prereesidencia.toc"
LaTeX Info: Redefining \. on input line 1.
LaTeX Info: Redefining \% on input line 1.
LaTeX Font Info:    External font `lmex10' loaded for size
(Font)              <10.95> on input line 4.
LaTeX Font Info:    External font `lmex10' loaded for size
(Font)              <8> on input line 4.
)
Overfull \hbox (52.22278pt too wide) has occurred while \output is active
  [] [][][][][][][][][][] [][][][] [][][][][][][][] [][] [][][][][][][][][][][]
[][][][][] [][][][]  
 []

[2

 <./logoUAEM.pdf>]
Overfull \hbox (52.22278pt too wide) has occurred while \output is active
  [] [][][][][][][][][][] [][][][] [][][][][][][][] [][] [][][][][][][][][][][]
[][][][][] [][][][]  
 []

[3

]
Overfull \hbox (52.22278pt too wide) has occurred while \output is active
  [] [][][][][][][][][][] [][][][] [][][][][][][][] [][] [][][][][][][][][][][]
[][][][][] [][][][]  
 []

[4

]
Overfull \hbox (52.22278pt too wide) has occurred while \output is active
  [] [][][][][][][][][][] [][][][] [][][][][][][][] [][] [][][][][][][][][][][]
[][][][][] [][][][]  
 []

[5

]
Overfull \hbox (52.22278pt too wide) has occurred while \output is active
  [] [][][][][][][][][][] [][][][] [][][][][][][][] [][] [][][][][][][][][][][]
[][][][][] [][][][]  
 []

[6

]
LaTeX Font Info:    External font `lmex10' loaded for size
(Font)              <9> on input line 114.

Overfull \hbox (52.22278pt too wide) has occurred while \output is active
  [] [][][][][][][][][][] [][][][] [][][][][][][][] [][] [][][][][][][][][][][]
[][][][][] [][][][]  
 []

[7

]
Overfull \hbox (52.22278pt too wide) has occurred while \output is active
  [] [][][][][][][][][][] [][][][] [][][][][][][][] [][] [][][][][][][][][][][]
[][][][][] [][][][]  
 []

[8

]
Overfull \hbox (52.22278pt too wide) has occurred while \output is active
  [] [][][][][][][][][][] [][][][] [][][][][][][][] [][] [][][][][][][][][][][]
[][][][][] [][][][]  
 []

[9

]
Overfull \hbox (52.22278pt too wide) has occurred while \output is active
  [] [][][][][][][][][][] [][][][] [][][][][][][][] [][] [][][][][][][][][][][]
[][][][][] [][][][]  
 []

[10

]
Overfull \hbox (52.22278pt too wide) has occurred while \output is active
  [] [][][][][][][][][][] [][][][] [][][][][][][][] [][] [][][][][][][][][][][]
[][][][][] [][][][]  
 []

[11

]
LaTeX Font Info:    Font shape `T1/lmss/m/it' in size <10.95> not available
(Font)              Font shape `T1/lmss/m/sl' tried instead on input line 146.

Overfull \hbox (52.22278pt too wide) has occurred while \output is active
  [] [][][][][][][][][][] [][][][] [][][][][][][][] [][] [][][][][][][][][][][]
[][][][][] [][][][]  
 []

[12

]
Overfull \hbox (52.22278pt too wide) has occurred while \output is active
  [] [][][][][][][][][][] [][][][] [][][][][][][][] [][] [][][][][][][][][][][]
[][][][][] [][][][]  
 []

[13

]
Overfull \hbox (52.22278pt too wide) has occurred while \output is active
  [] [][][][][][][][][][] [][][][] [][][][][][][][] [][] [][][][][][][][][][][]
[][][][][] [][][][]  
 []

[14

]
Overfull \hbox (52.22278pt too wide) has occurred while \output is active
  [] [][][][][][][][][][] [][][][] [][][][][][][][] [][] [][][][][][][][][][][]
[][][][][] [][][][]  
 []

[15

]
Overfull \hbox (52.22278pt too wide) has occurred while \output is active
  [] [][][][][][][][][][] [][][][] [][][][][][][][] [][] [][][][][][][][][][][]
[][][][][] [][][][]  
 []

[16

]
Overfull \hbox (52.22278pt too wide) has occurred while \output is active
  [] [][][][][][][][][][] [][][][] [][][][][][][][] [][] [][][][][][][][][][][]
[][][][][] [][][][]  
 []

[17

]
Overfull \hbox (52.22278pt too wide) has occurred while \output is active
  [] [][][][][][][][][][] [][][][] [][][][][][][][] [][] [][][][][][][][][][][]
[][][][][] [][][][]  
 []

[18

]
Overfull \hbox (52.22278pt too wide) has occurred while \output is active
  [] [][][][][][][][][][] [][][][] [][][][][][][][] [][] [][][][][][][][][][][]
[][][][][] [][][][]  
 []

[19

]
Overfull \hbox (52.22278pt too wide) has occurred while \output is active
  [] [][][][][][][][][][] [][][][] [][][][][][][][] [][] [][][][][][][][][][][]
[][][][][] [][][][]  
 []

[20

]
Overfull \hbox (52.22278pt too wide) has occurred while \output is active
  [] [][][][][][][][][][] [][][][] [][][][][][][][] [][] [][][][][][][][][][][]
[][][][][] [][][][]  
 []

[21

]
Overfull \hbox (52.22278pt too wide) has occurred while \output is active
  [] [][][][][][][][][][] [][][][] [][][][][][][][] [][] [][][][][][][][][][][]
[][][][][] [][][][]  
 []

[22

]
Overfull \hbox (52.22278pt too wide) has occurred while \output is active
  [] [][][][][][][][][][] [][][][] [][][][][][][][] [][] [][][][][][][][][][][]
[][][][][] [][][][]  
 []

[23

]
Overfull \hbox (52.22278pt too wide) has occurred while \output is active
  [] [][][][][][][][][][] [][][][] [][][][][][][][] [][] [][][][][][][][][][][]
[][][][][] [][][][]  
 []

[24

]
Overfull \hbox (52.22278pt too wide) has occurred while \output is active
  [] [][][][][][][][][][] [][][][] [][][][][][][][] [][] [][][][][][][][][][][]
[][][][][] [][][][]  
 []

[25

]
Overfull \hbox (52.22278pt too wide) has occurred while \output is active
  [] [][][][][][][][][][] [][][][] [][][][][][][][] [][] [][][][][][][][][][][]
[][][][][] [][][][]  
 []

[26

]
Overfull \hbox (52.22278pt too wide) has occurred while \output is active
  [] [][][][][][][][][][] [][][][] [][][][][][][][] [][] [][][][][][][][][][][]
[][][][][] [][][][]  
 []

[27

]
Overfull \hbox (52.22278pt too wide) has occurred while \output is active
  [] [][][][][][][][][][] [][][][] [][][][][][][][] [][] [][][][][][][][][][][]
[][][][][] [][][][]  
 []

[28

]
LaTeX Font Info:    Trying to load font information for T1+lmtt on input line 2
78.
 ("C:\Users\MELEJ\AppData\Local\Programs\MiKTeX 2.9\tex/latex/lm\t1lmtt.fd"
File: t1lmtt.fd 2009/10/30 v1.6 Font defs for Latin Modern
)
Overfull \hbox (52.22278pt too wide) has occurred while \output is active
  [] [][][][][][][][][][] [][][][] [][][][][][][][] [][] [][][][][][][][][][][]
[][][][][] [][][][]  
 []

[29

]
Overfull \hbox (52.22278pt too wide) has occurred while \output is active
  [] [][][][][][][][][][] [][][][] [][][][][][][][] [][] [][][][][][][][][][][]
[][][][][] [][][][]  
 []

[30

]
Overfull \hbox (52.22278pt too wide) has occurred while \output is active
  [] [][][][][][][][][][] [][][][] [][][][][][][][] [][] [][][][][][][][][][][]
[][][][][] [][][][]  
 []

[31

]
Overfull \hbox (52.22278pt too wide) has occurred while \output is active
  [] [][][][][][][][][][] [][][][] [][][][][][][][] [][] [][][][][][][][][][][]
[][][][][] [][][][]  
 []

[32

]
Overfull \hbox (52.22278pt too wide) has occurred while \output is active
  [] [][][][][][][][][][] [][][][] [][][][][][][][] [][] [][][][][][][][][][][]
[][][][][] [][][][]  
 []

[33

]
Overfull \hbox (52.22278pt too wide) has occurred while \output is active
  [] [][][][][][][][][][] [][][][] [][][][][][][][] [][] [][][][][][][][][][][]
[][][][][] [][][][]  
 []

[34

]
Overfull \hbox (52.22278pt too wide) has occurred while \output is active
  [] [][][][][][][][][][] [][][][] [][][][][][][][] [][] [][][][][][][][][][][]
[][][][][] [][][][]  
 []

[35

]
Overfull \hbox (52.22278pt too wide) has occurred while \output is active
  [] [][][][][][][][][][] [][][][] [][][][][][][][] [][] [][][][][][][][][][][]
[][][][][] [][][][]  
 []

[36

]
Overfull \hbox (52.22278pt too wide) has occurred while \output is active
  [] [][][][][][][][][][] [][][][] [][][][][][][][] [][] [][][][][][][][][][][]
[][][][][] [][][][]  
 []

[37

]
Overfull \hbox (52.22278pt too wide) has occurred while \output is active
  [] [][][][][][][][][][] [][][][] [][][][][][][][] [][] [][][][][][][][][][][]
[][][][][] [][][][]  
 []

[38

]
Overfull \hbox (52.22278pt too wide) has occurred while \output is active
  [] [][][][][][][][][][] [][][][] [][][][][][][][] [][] [][][][][][][][][][][]
[][][][][] [][][][]  
 []

[39

]
Overfull \hbox (52.22278pt too wide) has occurred while \output is active
  [] [][][][][][][][][][] [][][][] [][][][][][][][] [][] [][][][][][][][][][][]
[][][][][] [][][][]  
 []

[40

]

Package hyperref Warning: Token not allowed in a PDF string (PDFDocEncoding):
(hyperref)                removing `math shift' on input line 495.


Package hyperref Warning: Token not allowed in a PDF string (PDFDocEncoding):
(hyperref)                removing `subscript' on input line 495.


Package hyperref Warning: Token not allowed in a PDF string (PDFDocEncoding):
(hyperref)                removing `math shift' on input line 495.


Overfull \hbox (52.22278pt too wide) has occurred while \output is active
  [] [][][][][][][][][][] [][][][] [][][][][][][][] [][] [][][][][][][][][][][]
[][][][][] [][][][]  
 []

[41

]
Overfull \hbox (52.22278pt too wide) has occurred while \output is active
  [] [][][][][][][][][][] [][][][] [][][][][][][][] [][] [][][][][][][][][][][]
[][][][][] [][][][]  
 []

[42

]
Overfull \hbox (52.22278pt too wide) has occurred while \output is active
  [] [][][][][][][][][][] [][][][] [][][][][][][][] [][] [][][][][][][][][][][]
[][][][][] [][][][]  
 []

[43

]
Overfull \hbox (52.22278pt too wide) has occurred while \output is active
  [] [][][][][][][][][][] [][][][] [][][][][][][][] [][] [][][][][][][][][][][]
[][][][][] [][][][]  
 []

[44

]
Overfull \hbox (52.22278pt too wide) has occurred while \output is active
  [] [][][][][][][][][][] [][][][] [][][][][][][][] [][] [][][][][][][][][][][]
[][][][][] [][][][]  
 []

[45

]
Overfull \hbox (52.22278pt too wide) has occurred while \output is active
  [] [][][][][][][][][][] [][][][] [][][][][][][][] [][] [][][][][][][][][][][]
[][][][][] [][][][]  
 []

[46

]
Overfull \hbox (52.22278pt too wide) has occurred while \output is active
  [] [][][][][][][][][][] [][][][] [][][][][][][][] [][] [][][][][][][][][][][]
[][][][][] [][][][]  
 []

[47

]
Overfull \hbox (52.22278pt too wide) has occurred while \output is active
  [] [][][][][][][][][][] [][][][] [][][][][][][][] [][] [][][][][][][][][][][]
[][][][][] [][][][]  
 []

[48

]
Overfull \hbox (52.22278pt too wide) has occurred while \output is active
  [] [][][][][][][][][][] [][][][] [][][][][][][][] [][] [][][][][][][][][][][]
[][][][][] [][][][]  
 []

[49

]
Overfull \hbox (52.22278pt too wide) has occurred while \output is active
  [] [][][][][][][][][][] [][][][] [][][][][][][][] [][] [][][][][][][][][][][]
[][][][][] [][][][]  
 []

[50

]
Overfull \hbox (52.22278pt too wide) has occurred while \output is active
  [] [][][][][][][][][][] [][][][] [][][][][][][][] [][] [][][][][][][][][][][]
[][][][][] [][][][]  
 []

[51

]
Overfull \hbox (52.22278pt too wide) has occurred while \output is active
  [] [][][][][][][][][][] [][][][] [][][][][][][][] [][] [][][][][][][][][][][]
[][][][][] [][][][]  
 []

[52

]
Overfull \hbox (52.22278pt too wide) has occurred while \output is active
  [] [][][][][][][][][][] [][][][] [][][][][][][][] [][] [][][][][][][][][][][]
[][][][][] [][][][]  
 []

[53

]
Overfull \hbox (52.22278pt too wide) has occurred while \output is active
  [] [][][][][][][][][][] [][][][] [][][][][][][][] [][] [][][][][][][][][][][]
[][][][][] [][][][]  
 []

[54

]
Overfull \hbox (52.22278pt too wide) has occurred while \output is active
  [] [][][][][][][][][][] [][][][] [][][][][][][][] [][] [][][][][][][][][][][]
[][][][][] [][][][]  
 []

[55

]
Overfull \hbox (52.22278pt too wide) has occurred while \output is active
  [] [][][][][][][][][][] [][][][] [][][][][][][][] [][] [][][][][][][][][][][]
[][][][][] [][][][]  
 []

[56

]
Overfull \hbox (52.22278pt too wide) has occurred while \output is active
  [] [][][][][][][][][][] [][][][] [][][][][][][][] [][] [][][][][][][][][][][]
[][][][][] [][][][]  
 []

[57

]
Overfull \hbox (52.22278pt too wide) has occurred while \output is active
  [] [][][][][][][][][][] [][][][] [][][][][][][][] [][] [][][][][][][][][][][]
[][][][][] [][][][]  
 []

[58

]
Overfull \hbox (52.22278pt too wide) has occurred while \output is active
  [] [][][][][][][][][][] [][][][] [][][][][][][][] [][] [][][][][][][][][][][]
[][][][][] [][][][]  
 []

[59

]
Overfull \hbox (52.22278pt too wide) has occurred while \output is active
  [] [][][][][][][][][][] [][][][] [][][][][][][][] [][] [][][][][][][][][][][]
[][][][][] [][][][]  
 []

[60

]
Overfull \hbox (52.22278pt too wide) has occurred while \output is active
  [] [][][][][][][][][][] [][][][] [][][][][][][][] [][] [][][][][][][][][][][]
[][][][][] [][][][]  
 []

[61

]
Overfull \hbox (52.22278pt too wide) has occurred while \output is active
  [] [][][][][][][][][][] [][][][] [][][][][][][][] [][] [][][][][][][][][][][]
[][][][][] [][][][]  
 []

[62

]
Overfull \hbox (52.22278pt too wide) has occurred while \output is active
  [] [][][][][][][][][][] [][][][] [][][][][][][][] [][] [][][][][][][][][][][]
[][][][][] [][][][]  
 []

[63

]
Overfull \hbox (52.22278pt too wide) has occurred while \output is active
  [] [][][][][][][][][][] [][][][] [][][][][][][][] [][] [][][][][][][][][][][]
[][][][][] [][][][]  
 []

[64

]
Overfull \hbox (52.22278pt too wide) has occurred while \output is active
  [] [][][][][][][][][][] [][][][] [][][][][][][][] [][] [][][][][][][][][][][]
[][][][][] [][][][]  
 []

[65

]
Overfull \hbox (52.22278pt too wide) has occurred while \output is active
  [] [][][][][][][][][][] [][][][] [][][][][][][][] [][] [][][][][][][][][][][]
[][][][][] [][][][]  
 []

[66

]
Overfull \hbox (52.22278pt too wide) has occurred while \output is active
  [] [][][][][][][][][][] [][][][] [][][][][][][][] [][] [][][][][][][][][][][]
[][][][][] [][][][]  
 []

[67

]
Overfull \hbox (52.22278pt too wide) has occurred while \output is active
  [] [][][][][][][][][][] [][][][] [][][][][][][][] [][] [][][][][][][][][][][]
[][][][][] [][][][]  
 []

[68

]
Overfull \hbox (52.22278pt too wide) has occurred while \output is active
  [] [][][][][][][][][][] [][][][] [][][][][][][][] [][] [][][][][][][][][][][]
[][][][][] [][][][]  
 []

[69

] [70

 <C:/Users/MELEJ/AppData/Local/Programs/MiKTeX 2.9/tex/latex/beamer/beamericonb
ook.pdf>]
\tf@nav=\write6
\openout6 = `"examen prereesidencia.nav"'.

\tf@toc=\write7
\openout7 = `"examen prereesidencia.toc"'.

\tf@snm=\write8
\openout8 = `"examen prereesidencia.snm"'.

Package atveryend Info: Empty hook `BeforeClearDocument' on input line 1165.
Package atveryend Info: Empty hook `AfterLastShipout' on input line 1165.
 ("examen prereesidencia.aux"
LaTeX Info: Redefining \. on input line 25.
LaTeX Info: Redefining \% on input line 25.
)
Package atveryend Info: Executing hook `AtVeryEndDocument' on input line 1165.
Package atveryend Info: Executing hook `AtEndAfterFileList' on input line 1165.

Package rerunfilecheck Info: File `"examen prereesidencia".out' has not changed
.
(rerunfilecheck)             Checksum: DA24B21CC740EC52D6B3DEBCB65B35D4;508.
 ) 
Here is how much of TeX's memory you used:
 25998 strings out of 480811
 526896 string characters out of 2896163
 884760 words of memory out of 3000000
 41181 multiletter control sequences out of 15000+200000
 643623 words of font info for 98 fonts, out of 3000000 for 9000
 1141 hyphenation exceptions out of 8191
 58i,24n,70p,816b,1118s stack positions out of 5000i,500n,10000p,200000b,50000s
{C:/Users/MELEJ/AppData/Local/Programs/MiKTeX 2.9/fonts/enc/dvips/lm/lm-rm.en
c}{C:/Users/MELEJ/AppData/Local/Programs/MiKTeX 2.9/fonts/enc/dvips/lm/lm-ec.en
c}{C:/Users/MELEJ/AppData/Local/Programs/MiKTeX 2.9/fonts/enc/dvips/lm/lm-maths
y.enc}{C:/Users/MELEJ/AppData/Local/Programs/MiKTeX 2.9/fonts/enc/dvips/lm/lm-m
athex.enc}{C:/Users/MELEJ/AppData/Local/Programs/MiKTeX 2.9/fonts/enc/dvips/lm/
lm-mathit.enc}<C:/Users/MELEJ/AppData/Local/Programs/MiKTeX 2.9/fonts/type1/pub
lic/lm/lmbsy10.pfb><C:/Users/MELEJ/AppData/Local/Programs/MiKTeX 2.9/fonts/type
1/public/lm/lmbx10.pfb><C:/Users/MELEJ/AppData/Local/Programs/MiKTeX 2.9/fonts/
type1/public/lm/lmbx12.pfb><C:/Users/MELEJ/AppData/Local/Programs/MiKTeX 2.9/fo
nts/type1/public/lm/lmex10.pfb><C:/Users/MELEJ/AppData/Local/Programs/MiKTeX 2.
9/fonts/type1/public/lm/lmmi10.pfb><C:/Users/MELEJ/AppData/Local/Programs/MiKTe
X 2.9/fonts/type1/public/lm/lmmi5.pfb><C:/Users/MELEJ/AppData/Local/Programs/Mi
KTeX 2.9/fonts/type1/public/lm/lmmi8.pfb><C:/Users/MELEJ/AppData/Local/Programs
/MiKTeX 2.9/fonts/type1/public/lm/lmmib10.pfb><C:/Users/MELEJ/AppData/Local/Pro
grams/MiKTeX 2.9/fonts/type1/public/lm/lmr10.pfb><C:/Users/MELEJ/AppData/Local/
Programs/MiKTeX 2.9/fonts/type1/public/lm/lmr8.pfb><C:/Users/MELEJ/AppData/Loca
l/Programs/MiKTeX 2.9/fonts/type1/public/lm/lmri10.pfb><C:/Users/MELEJ/AppData/
Local/Programs/MiKTeX 2.9/fonts/type1/public/lm/lmss10.pfb><C:/Users/MELEJ/AppD
ata/Local/Programs/MiKTeX 2.9/fonts/type1/public/lm/lmss12.pfb><C:/Users/MELEJ/
AppData/Local/Programs/MiKTeX 2.9/fonts/type1/public/lm/lmss8.pfb><C:/Users/MEL
EJ/AppData/Local/Programs/MiKTeX 2.9/fonts/type1/public/lm/lmss9.pfb><C:/Users/
MELEJ/AppData/Local/Programs/MiKTeX 2.9/fonts/type1/public/lm/lmssbx10.pfb><C:/
Users/MELEJ/AppData/Local/Programs/MiKTeX 2.9/fonts/type1/public/lm/lmsso10.pfb
><C:/Users/MELEJ/AppData/Local/Programs/MiKTeX 2.9/fonts/type1/public/lm/lmsy10
.pfb><C:/Users/MELEJ/AppData/Local/Programs/MiKTeX 2.9/fonts/type1/public/lm/lm
sy8.pfb><C:/Users/MELEJ/AppData/Local/Programs/MiKTeX 2.9/fonts/type1/public/lm
/lmsy9.pfb><C:/Users/MELEJ/AppData/Local/Programs/MiKTeX 2.9/fonts/type1/public
/lm/lmtt10.pfb><C:/Users/MELEJ/AppData/Local/Programs/MiKTeX 2.9/fonts/type1/pu
blic/amsfonts/symbols/msam10.pfb><C:/Users/MELEJ/AppData/Local/Programs/MiKTeX 
2.9/fonts/type1/public/amsfonts/symbols/msbm10.pfb><C:/Users/MELEJ/AppData/Loca
l/Programs/MiKTeX 2.9/fonts/type1/public/amsfonts/symbols/msbm7.pfb>
Output written on "examen prereesidencia.pdf" (70 pages, 1500128 bytes).
PDF statistics:
 5166 PDF objects out of 6186 (max. 8388607)
 165 named destinations out of 1000 (max. 500000)
 222 words of extra memory for PDF output out of 10000 (max. 10000000)

